----------------------------------------------------------------
<<<<<<< HEAD
Fri Oct 25 23:23:48 NZDT 2024:
Booting Derby version The Apache Software Foundation - Apache Derby - 10.14.2.0 - (1828579): instance a816c00e-0192-c334-2892-000006f7f9d0 
on database directory C:\Users\noooo\OneDrive - AUT University\COMP603\pdc_project_2\wordleDB with class loader jdk.internal.loader.ClassLoaders$AppClassLoader@18ef96 
Loaded from file:/C:/Users/noooo/OneDrive%20-%20AUT%20University/COMP603/pdc_project_2/lib/derby.jar
java.vendor=Oracle Corporation
java.runtime.version=11.0.23+7-LTS-222
user.dir=C:\Users\noooo\OneDrive - AUT University\COMP603\pdc_project_2
os.name=Windows 11
=======
Sun Oct 27 14:03:15 NZDT 2024:
Booting Derby version The Apache Software Foundation - Apache Derby - 10.14.2.0 - (1828579): instance a816c00e-0192-cb7f-ad2c-00000f8078b8 
on database directory C:\Users\laris\OneDrive\Desktop\pdc_project_2-master\pdc_project_2-master\wordleDB with class loader jdk.internal.loader.ClassLoaders$AppClassLoader@7aec35a 
Loaded from file:/C:/Users/laris/OneDrive/Desktop/pdc_project_2-master/pdc_project_2-master/lib/derby.jar
java.vendor=Oracle Corporation
java.runtime.version=11.0.23+7-LTS-222
user.dir=C:\Users\laris\OneDrive\Desktop\pdc_project_2-master\pdc_project_2-master
os.name=Windows 10
>>>>>>> 53e09875a0bd4473980a305cbbae13d265ef2cd2
os.arch=amd64
os.version=10.0
derby.system.home=null
Database Class Loader started - derby.database.classpath=''
